<?xml version="1.0" encoding="UTF-8"?>
<testng-results ignored="0" total="1" passed="1" failed="0" skipped="0">
  <reporter-output>
  </reporter-output>
  <suite started-at="2022-02-10T00:11:18Z" name="Default suite" finished-at="2022-02-10T00:11:20Z" duration-ms="2736">
    <groups>
    </groups>
    <test started-at="2022-02-10T00:11:18Z" name="Default test" finished-at="2022-02-10T00:11:20Z" duration-ms="2736">
      <class name="SeleniumTest.WebDriverManagerTest">
        <test-method signature="LoginTest()[pri:0, instance:SeleniumTest.WebDriverManagerTest@282cb7c7]" started-at="2022-02-10T00:11:18Z" name="LoginTest" finished-at="2022-02-10T00:11:20Z" duration-ms="2715" status="PASS">
          <reporter-output>
          </reporter-output>
        </test-method> <!-- LoginTest -->
      </class> <!-- SeleniumTest.WebDriverManagerTest -->
    </test> <!-- Default test -->
  </suite> <!-- Default suite -->
</testng-results>
